<?xml version="1.0" encoding="UTF-8" ?>
<testsuite failures="0" time="0.011" errors="0" skipped="0" tests="0" name="test.RandomTest">
  <properties>
    <property name="java.runtime.name" value="Java(TM) SE Runtime Environment"/>
    <property name="sun.boot.library.path" value="E:\myeclipse\Common\binary\com.sun.java.jdk.win32.x86_64_1.6.0.013\jre\bin"/>
    <property name="java.vm.version" value="11.3-b02"/>
    <property name="java.vm.vendor" value="Sun Microsystems Inc."/>
    <property name="java.vendor.url" value="http://java.sun.com/"/>
    <property name="path.separator" value=";"/>
    <property name="java.vm.name" value="Java HotSpot(TM) 64-Bit Server VM"/>
    <property name="file.encoding.pkg" value="sun.io"/>
    <property name="user.country" value="CN"/>
    <property name="sun.java.launcher" value="SUN_STANDARD"/>
    <property name="sun.os.patch.level" value="Service Pack 1"/>
    <property name="java.vm.specification.name" value="Java Virtual Machine Specification"/>
    <property name="user.dir" value="C:\Users\Administrator\Workspaces\MyEclipse 10\TakeOutAssistant"/>
    <property name="java.runtime.version" value="1.6.0_13-b03"/>
    <property name="java.awt.graphicsenv" value="sun.awt.Win32GraphicsEnvironment"/>
    <property name="basedir" value="C:\Users\Administrator\Workspaces\MyEclipse 10\TakeOutAssistant"/>
    <property name="java.endorsed.dirs" value="E:\myeclipse\Common\binary\com.sun.java.jdk.win32.x86_64_1.6.0.013\jre\lib\endorsed"/>
    <property name="os.arch" value="amd64"/>
    <property name="surefire.real.class.path" value="C:\Users\Administrator\Workspaces\MyEclipse 10\TakeOutAssistant\target\surefire\surefirebooter715207693906818570.jar"/>
    <property name="java.io.tmpdir" value="C:\Users\ADMINI~1\AppData\Local\Temp\"/>
    <property name="line.separator" value="
"/>
    <property name="java.vm.specification.vendor" value="Sun Microsystems Inc."/>
    <property name="user.variant" value=""/>
    <property name="os.name" value="Windows Vista"/>
    <property name="sun.jnu.encoding" value="GBK"/>
    <property name="java.library.path" value="E:\myeclipse\Common\binary\com.sun.java.jdk.win32.x86_64_1.6.0.013\jre\bin;.;C:\Windows\Sun\Java\bin;C:\Windows\system32;C:\Windows;C:/Program Files/Java/jre1.8.0_60/bin/server;C:/Program Files/Java/jre1.8.0_60/bin;C:/Program Files/Java/jre1.8.0_60/lib/amd64;G:\app\Administrator\product\11.2.0\dbhome_1\bin;C:\ProgramData\Oracle\Java\javapath;C:\Program Files\Java\jdk1.7.0_17\bin;C:\Program Files (x86)\NVIDIA Corporation\PhysX\Common;C:\Windows\system32;C:\Windows;C:\Windows\System32\Wbem;C:\Windows\System32\WindowsPowerShell\v1.0\;C:\Program Files (x86)\Skype\Phone\;C:\Users\Administrator\android-sdks\platform-tools;C:\Users\Administrator\android-sdks\tools;E:\学习资料;C:\;E:\j2ee(3)\maven\apache-maven-3.0.3\bin;E:\matlab2016\runtime\win64;E:\matlab2016\bin;E:\matlab2016\polyspace\bin;E:\UTribe\七牛相关\tgit\bin;E:\UTF12\bin;E:\vc++\Tools\WinNT;E:\vc++\MSDev98\Bin;E:\vc++\Tools;E:\VC98\bin;C:\Users\Administrator\AppData\Local\Programs\Fiddler"/>
    <property name="surefire.test.class.path" value="C:\Users\Administrator\Workspaces\MyEclipse 10\TakeOutAssistant\target\test-classes;C:\Users\Administrator\Workspaces\MyEclipse 10\TakeOutAssistant\target\classes;E:\j2ee(3)\maven\mavenRepository\javax\servlet\jstl\1.2\jstl-1.2.jar;E:\j2ee(3)\maven\mavenRepository\javax\servlet\jsp\jsp-api\2.1\jsp-api-2.1.jar;E:\j2ee(3)\maven\mavenRepository\org\glassfish\javax.annotation\3.0.1\javax.annotation-3.0.1.jar;E:\j2ee(3)\maven\mavenRepository\org\glassfish\javax.ejb\3.0.1\javax.ejb-3.0.1.jar;E:\j2ee(3)\maven\mavenRepository\org\glassfish\javax.transaction\3.0.1\javax.transaction-3.0.1.jar;E:\j2ee(3)\maven\mavenRepository\org\jboss\weld\weld-osgi-bundle\1.0.1-SP3\weld-osgi-bundle-1.0.1-SP3.jar;E:\j2ee(3)\maven\mavenRepository\javax\enterprise\cdi-api\1.0-SP1\cdi-api-1.0-SP1.jar;E:\j2ee(3)\maven\mavenRepository\org\jboss\interceptor\jboss-interceptor-api\1.1\jboss-interceptor-api-1.1.jar;E:\j2ee(3)\maven\mavenRepository\javax\annotation\jsr250-api\1.0\jsr250-api-1.0.jar;E:\j2ee(3)\maven\mavenRepository\org\jboss\weld\weld-api\1.0-SP1\weld-api-1.0-SP1.jar;E:\j2ee(3)\maven\mavenRepository\org\jboss\weld\weld-core\1.0.1-SP3\weld-core-1.0.1-SP3.jar;E:\j2ee(3)\maven\mavenRepository\org\slf4j\slf4j-ext\1.5.10\slf4j-ext-1.5.10.jar;E:\j2ee(3)\maven\mavenRepository\ch\qos\cal10n\cal10n-api\0.7.2\cal10n-api-0.7.2.jar;E:\j2ee(3)\maven\mavenRepository\org\slf4j\slf4j-api\1.5.10\slf4j-api-1.5.10.jar;E:\j2ee(3)\maven\mavenRepository\org\jboss\weld\weld-spi\1.0-SP1\weld-spi-1.0-SP1.jar;E:\j2ee(3)\maven\mavenRepository\javassist\javassist\3.11.0.GA\javassist-3.11.0.GA.jar;E:\j2ee(3)\maven\mavenRepository\com\google\collections\google-collections\1.0\google-collections-1.0.jar;E:\j2ee(3)\maven\mavenRepository\javax\inject\javax.inject\1\javax.inject-1.jar;E:\j2ee(3)\maven\mavenRepository\org\jboss\interceptor\jboss-interceptor\1.0.0-CR11\jboss-interceptor-1.0.0-CR11.jar;E:\j2ee(3)\maven\mavenRepository\org\glassfish\javax.servlet\3.0.1\javax.servlet-3.0.1.jar;"/>
    <property name="java.specification.name" value="Java Platform API Specification"/>
    <property name="java.class.version" value="50.0"/>
    <property name="sun.management.compiler" value="HotSpot 64-Bit Server Compiler"/>
    <property name="os.version" value="6.1"/>
    <property name="user.home" value="C:\Users\Administrator"/>
    <property name="user.timezone" value=""/>
    <property name="java.awt.printerjob" value="sun.awt.windows.WPrinterJob"/>
    <property name="java.specification.version" value="1.6"/>
    <property name="file.encoding" value="GBK"/>
    <property name="user.name" value="Administrator"/>
    <property name="java.class.path" value="C:\Users\Administrator\Workspaces\MyEclipse 10\TakeOutAssistant\target\test-classes;C:\Users\Administrator\Workspaces\MyEclipse 10\TakeOutAssistant\target\classes;E:\j2ee(3)\maven\mavenRepository\javax\servlet\jstl\1.2\jstl-1.2.jar;E:\j2ee(3)\maven\mavenRepository\javax\servlet\jsp\jsp-api\2.1\jsp-api-2.1.jar;E:\j2ee(3)\maven\mavenRepository\org\glassfish\javax.annotation\3.0.1\javax.annotation-3.0.1.jar;E:\j2ee(3)\maven\mavenRepository\org\glassfish\javax.ejb\3.0.1\javax.ejb-3.0.1.jar;E:\j2ee(3)\maven\mavenRepository\org\glassfish\javax.transaction\3.0.1\javax.transaction-3.0.1.jar;E:\j2ee(3)\maven\mavenRepository\org\jboss\weld\weld-osgi-bundle\1.0.1-SP3\weld-osgi-bundle-1.0.1-SP3.jar;E:\j2ee(3)\maven\mavenRepository\javax\enterprise\cdi-api\1.0-SP1\cdi-api-1.0-SP1.jar;E:\j2ee(3)\maven\mavenRepository\org\jboss\interceptor\jboss-interceptor-api\1.1\jboss-interceptor-api-1.1.jar;E:\j2ee(3)\maven\mavenRepository\javax\annotation\jsr250-api\1.0\jsr250-api-1.0.jar;E:\j2ee(3)\maven\mavenRepository\org\jboss\weld\weld-api\1.0-SP1\weld-api-1.0-SP1.jar;E:\j2ee(3)\maven\mavenRepository\org\jboss\weld\weld-core\1.0.1-SP3\weld-core-1.0.1-SP3.jar;E:\j2ee(3)\maven\mavenRepository\org\slf4j\slf4j-ext\1.5.10\slf4j-ext-1.5.10.jar;E:\j2ee(3)\maven\mavenRepository\ch\qos\cal10n\cal10n-api\0.7.2\cal10n-api-0.7.2.jar;E:\j2ee(3)\maven\mavenRepository\org\slf4j\slf4j-api\1.5.10\slf4j-api-1.5.10.jar;E:\j2ee(3)\maven\mavenRepository\org\jboss\weld\weld-spi\1.0-SP1\weld-spi-1.0-SP1.jar;E:\j2ee(3)\maven\mavenRepository\javassist\javassist\3.11.0.GA\javassist-3.11.0.GA.jar;E:\j2ee(3)\maven\mavenRepository\com\google\collections\google-collections\1.0\google-collections-1.0.jar;E:\j2ee(3)\maven\mavenRepository\javax\inject\javax.inject\1\javax.inject-1.jar;E:\j2ee(3)\maven\mavenRepository\org\jboss\interceptor\jboss-interceptor\1.0.0-CR11\jboss-interceptor-1.0.0-CR11.jar;E:\j2ee(3)\maven\mavenRepository\org\glassfish\javax.servlet\3.0.1\javax.servlet-3.0.1.jar;"/>
    <property name="java.vm.specification.version" value="1.0"/>
    <property name="sun.arch.data.model" value="64"/>
    <property name="java.home" value="E:\myeclipse\Common\binary\com.sun.java.jdk.win32.x86_64_1.6.0.013\jre"/>
    <property name="java.specification.vendor" value="Sun Microsystems Inc."/>
    <property name="user.language" value="zh"/>
    <property name="awt.toolkit" value="sun.awt.windows.WToolkit"/>
    <property name="java.vm.info" value="mixed mode"/>
    <property name="java.version" value="1.6.0_13"/>
    <property name="java.ext.dirs" value="E:\myeclipse\Common\binary\com.sun.java.jdk.win32.x86_64_1.6.0.013\jre\lib\ext;C:\Windows\Sun\Java\lib\ext"/>
    <property name="sun.boot.class.path" value="E:\myeclipse\Common\binary\com.sun.java.jdk.win32.x86_64_1.6.0.013\jre\lib\resources.jar;E:\myeclipse\Common\binary\com.sun.java.jdk.win32.x86_64_1.6.0.013\jre\lib\rt.jar;E:\myeclipse\Common\binary\com.sun.java.jdk.win32.x86_64_1.6.0.013\jre\lib\sunrsasign.jar;E:\myeclipse\Common\binary\com.sun.java.jdk.win32.x86_64_1.6.0.013\jre\lib\jsse.jar;E:\myeclipse\Common\binary\com.sun.java.jdk.win32.x86_64_1.6.0.013\jre\lib\jce.jar;E:\myeclipse\Common\binary\com.sun.java.jdk.win32.x86_64_1.6.0.013\jre\lib\charsets.jar;E:\myeclipse\Common\binary\com.sun.java.jdk.win32.x86_64_1.6.0.013\jre\classes"/>
    <property name="java.vendor" value="Sun Microsystems Inc."/>
    <property name="localRepository" value="E:\j2ee(3)\maven\mavenRepository"/>
    <property name="file.separator" value="\"/>
    <property name="java.vendor.url.bug" value="http://java.sun.com/cgi-bin/bugreport.cgi"/>
    <property name="sun.cpu.endian" value="little"/>
    <property name="sun.io.unicode.encoding" value="UnicodeLittle"/>
    <property name="sun.desktop" value="windows"/>
    <property name="sun.cpu.isalist" value="amd64"/>
  </properties>
</testsuite>